<?xml version="1.0" encoding="UTF-8"?>
<testng-results skipped="0" failed="0" total="0" passed="0">
  <reporter-output>
  </reporter-output>
  <suite name="EP_fame.EP_fame1.AppTest" duration-ms="3" started-at="2016-05-27T11:21:16Z" finished-at="2016-05-27T11:21:16Z">
    <groups>
    </groups>
    <test name="Command line test" duration-ms="3" started-at="2016-05-27T11:21:16Z" finished-at="2016-05-27T11:21:16Z">
    </test> <!-- Command line test -->
  </suite> <!-- EP_fame.EP_fame1.AppTest -->
</testng-results>
