<?xml version="1.0" encoding="UTF-8"?>
<testng-results skipped="0" failed="0" total="1" passed="1">
  <reporter-output>
  </reporter-output>
  <suite name="Command line suite" duration-ms="16" started-at="2016-05-27T11:36:15Z" finished-at="2016-05-27T11:36:15Z">
    <groups>
    </groups>
    <test name="Command line test" duration-ms="16" started-at="2016-05-27T11:36:15Z" finished-at="2016-05-27T11:36:15Z">
      <class name="EP_fame.EP_fame1.AppTest">
        <test-method status="PASS" signature="testApp()[pri:0, instance:testApp(EP_fame.EP_fame1.AppTest)]" name="testApp" duration-ms="16" started-at="2016-05-27T17:06:15Z" finished-at="2016-05-27T17:06:15Z">
          <reporter-output>
          </reporter-output>
        </test-method> <!-- testApp -->
      </class> <!-- EP_fame.EP_fame1.AppTest -->
    </test> <!-- Command line test -->
  </suite> <!-- Command line suite -->
</testng-results>
